2023-12-06 21:02:30,976  INFO [main] MyWebDriverDecorator:60 - Before navigating to: 'https://www.freecrm.com/'
2023-12-06 21:02:35,800  INFO [main] MyWebDriverDecorator:66 - Navigated to:'https://www.freecrm.com/'
2023-12-06 21:02:35,801  INFO [main] TestBase:60 - ************************* Openning URL **************************
2023-12-06 21:02:35,803  INFO [main] MyWebDriverDecorator:60 - Before navigating to: 'https://classic.freecrm.com/'
2023-12-06 21:02:38,740  INFO [main] MyWebDriverDecorator:66 - Navigated to:'https://classic.freecrm.com/'
2023-12-06 21:02:38,752  INFO [main] MyWebDriverDecorator:25 - Trying to find Element By : By.name: username
2023-12-06 21:02:38,806  INFO [main] MyWebDriverDecorator:31 - Found Element By : By.name: username
2023-12-06 21:02:38,822  INFO [main] MyWebDriverDecorator:48 - Value of the:[[ChromeDriver: chrome on windows (3c6fda20f9509501ffa8f0237d32c5e0)] -> name: username] before any changes made
2023-12-06 21:02:38,939  INFO [main] MyWebDriverDecorator:54 - Element value changed to: [[ChromeDriver: chrome on windows (3c6fda20f9509501ffa8f0237d32c5e0)] -> name: username]
2023-12-06 21:02:38,940  INFO [main] MyWebDriverDecorator:25 - Trying to find Element By : By.name: password
2023-12-06 21:02:38,965  INFO [main] MyWebDriverDecorator:31 - Found Element By : By.name: password
2023-12-06 21:02:38,965  INFO [main] MyWebDriverDecorator:48 - Value of the:[[ChromeDriver: chrome on windows (3c6fda20f9509501ffa8f0237d32c5e0)] -> name: password] before any changes made
2023-12-06 21:02:39,041  INFO [main] MyWebDriverDecorator:54 - Element value changed to: [[ChromeDriver: chrome on windows (3c6fda20f9509501ffa8f0237d32c5e0)] -> name: password]
2023-12-06 21:02:39,042  INFO [main] MyWebDriverDecorator:25 - Trying to find Element By : By.xpath: //input[@type='submit']
2023-12-06 21:02:39,067  INFO [main] MyWebDriverDecorator:31 - Found Element By : By.xpath: //input[@type='submit']
2023-12-06 21:02:39,069  INFO [main] MyWebDriverDecorator:37 - Trying to click on: [[ChromeDriver: chrome on windows (3c6fda20f9509501ffa8f0237d32c5e0)] -> xpath: //input[@type='submit']]
2023-12-06 21:02:44,389  INFO [main] MyWebDriverDecorator:43 - Clicked on: [[ChromeDriver: chrome on windows (3c6fda20f9509501ffa8f0237d32c5e0)] -> xpath: //input[@type='submit']]
2023-12-06 21:02:44,463  INFO [Forwarding actions on session 3c6fda20f9509501ffa8f0237d32c5e0 to remote] MyWebDriverDecorator:25 - Trying to find Element By : By.xpath: //a[contains(text(),'Contacts')]
2023-12-06 21:02:44,488  INFO [Forwarding actions on session 3c6fda20f9509501ffa8f0237d32c5e0 to remote] MyWebDriverDecorator:31 - Found Element By : By.xpath: //a[contains(text(),'Contacts')]
2023-12-06 21:02:44,658  INFO [main] MyWebDriverDecorator:25 - Trying to find Element By : By.xpath: //a[contains(text(),'New Contact')]
2023-12-06 21:02:44,679  INFO [main] MyWebDriverDecorator:31 - Found Element By : By.xpath: //a[contains(text(),'New Contact')]
2023-12-06 21:02:44,680  INFO [main] MyWebDriverDecorator:37 - Trying to click on: [[ChromeDriver: chrome on windows (3c6fda20f9509501ffa8f0237d32c5e0)] -> xpath: //a[contains(text(),'New Contact')]]
2023-12-06 21:02:45,848  INFO [main] MyWebDriverDecorator:43 - Clicked on: [[ChromeDriver: chrome on windows (3c6fda20f9509501ffa8f0237d32c5e0)] -> xpath: //a[contains(text(),'New Contact')]]
2023-12-06 21:02:45,853  INFO [main] MyWebDriverDecorator:25 - Trying to find Element By : By.name: title
2023-12-06 21:02:45,875  INFO [main] MyWebDriverDecorator:31 - Found Element By : By.name: title
2023-12-06 21:02:45,911  INFO [main] MyWebDriverDecorator:25 - Trying to find Element By : By.xpath: .//option[normalize-space(.) = "Mr."]
2023-12-06 21:02:45,934  INFO [main] MyWebDriverDecorator:31 - Found Element By : By.xpath: .//option[normalize-space(.) = "Mr."]
2023-12-06 21:02:45,959  INFO [main] MyWebDriverDecorator:37 - Trying to click on: [[[[ChromeDriver: chrome on windows (3c6fda20f9509501ffa8f0237d32c5e0)] -> name: title]] -> xpath: .//option[normalize-space(.) = "Mr."]]
2023-12-06 21:02:46,007  INFO [main] MyWebDriverDecorator:43 - Clicked on: [[[[ChromeDriver: chrome on windows (3c6fda20f9509501ffa8f0237d32c5e0)] -> name: title]] -> xpath: .//option[normalize-space(.) = "Mr."]]
2023-12-06 21:02:46,008  INFO [main] MyWebDriverDecorator:25 - Trying to find Element By : By.xpath: //input[@id='first_name']
2023-12-06 21:02:46,027  INFO [main] MyWebDriverDecorator:31 - Found Element By : By.xpath: //input[@id='first_name']
2023-12-06 21:02:46,027  INFO [main] MyWebDriverDecorator:48 - Value of the:[[ChromeDriver: chrome on windows (3c6fda20f9509501ffa8f0237d32c5e0)] -> xpath: //input[@id='first_name']] before any changes made
2023-12-06 21:02:46,117  INFO [main] MyWebDriverDecorator:54 - Element value changed to: [[ChromeDriver: chrome on windows (3c6fda20f9509501ffa8f0237d32c5e0)] -> xpath: //input[@id='first_name']]
2023-12-06 21:02:46,118  INFO [main] MyWebDriverDecorator:25 - Trying to find Element By : By.id: surname
2023-12-06 21:02:46,136  INFO [main] MyWebDriverDecorator:31 - Found Element By : By.id: surname
2023-12-06 21:02:46,137  INFO [main] MyWebDriverDecorator:48 - Value of the:[[ChromeDriver: chrome on windows (3c6fda20f9509501ffa8f0237d32c5e0)] -> id: surname] before any changes made
2023-12-06 21:02:46,231  INFO [main] MyWebDriverDecorator:54 - Element value changed to: [[ChromeDriver: chrome on windows (3c6fda20f9509501ffa8f0237d32c5e0)] -> id: surname]
2023-12-06 21:02:46,231  INFO [main] MyWebDriverDecorator:25 - Trying to find Element By : By.xpath: //input[@name='client_lookup']
2023-12-06 21:02:46,249  INFO [main] MyWebDriverDecorator:31 - Found Element By : By.xpath: //input[@name='client_lookup']
2023-12-06 21:02:46,249  INFO [main] MyWebDriverDecorator:48 - Value of the:[[ChromeDriver: chrome on windows (3c6fda20f9509501ffa8f0237d32c5e0)] -> xpath: //input[@name='client_lookup']] before any changes made
2023-12-06 21:02:46,336  INFO [main] MyWebDriverDecorator:54 - Element value changed to: [[ChromeDriver: chrome on windows (3c6fda20f9509501ffa8f0237d32c5e0)] -> xpath: //input[@name='client_lookup']]
2023-12-06 21:02:46,337  INFO [main] MyWebDriverDecorator:25 - Trying to find Element By : By.xpath: //input[@value='Save']
2023-12-06 21:02:46,354  INFO [main] MyWebDriverDecorator:31 - Found Element By : By.xpath: //input[@value='Save']
2023-12-06 21:02:46,354  INFO [main] MyWebDriverDecorator:37 - Trying to click on: [[ChromeDriver: chrome on windows (3c6fda20f9509501ffa8f0237d32c5e0)] -> xpath: //input[@value='Save']]
2023-12-06 21:02:47,862  INFO [main] MyWebDriverDecorator:43 - Clicked on: [[ChromeDriver: chrome on windows (3c6fda20f9509501ffa8f0237d32c5e0)] -> xpath: //input[@value='Save']]
2023-12-06 21:02:54,489  INFO [main] MyWebDriverDecorator:60 - Before navigating to: 'https://www.freecrm.com/'
2023-12-06 21:02:59,249  INFO [main] MyWebDriverDecorator:66 - Navigated to:'https://www.freecrm.com/'
2023-12-06 21:02:59,250  INFO [main] TestBase:60 - ************************* Openning URL **************************
2023-12-06 21:02:59,251  INFO [main] MyWebDriverDecorator:60 - Before navigating to: 'https://classic.freecrm.com/'
2023-12-06 21:03:02,543  INFO [main] MyWebDriverDecorator:66 - Navigated to:'https://classic.freecrm.com/'
2023-12-06 21:03:02,545  INFO [main] MyWebDriverDecorator:25 - Trying to find Element By : By.name: username
2023-12-06 21:03:02,612  INFO [main] MyWebDriverDecorator:31 - Found Element By : By.name: username
2023-12-06 21:03:02,613  INFO [main] MyWebDriverDecorator:48 - Value of the:[[ChromeDriver: chrome on windows (3647c26623e64750f7a5cf80f0ff9607)] -> name: username] before any changes made
2023-12-06 21:03:02,717  INFO [main] MyWebDriverDecorator:54 - Element value changed to: [[ChromeDriver: chrome on windows (3647c26623e64750f7a5cf80f0ff9607)] -> name: username]
2023-12-06 21:03:02,720  INFO [main] MyWebDriverDecorator:25 - Trying to find Element By : By.name: password
2023-12-06 21:03:02,743  INFO [main] MyWebDriverDecorator:31 - Found Element By : By.name: password
2023-12-06 21:03:02,744  INFO [main] MyWebDriverDecorator:48 - Value of the:[[ChromeDriver: chrome on windows (3647c26623e64750f7a5cf80f0ff9607)] -> name: password] before any changes made
2023-12-06 21:03:02,817  INFO [main] MyWebDriverDecorator:54 - Element value changed to: [[ChromeDriver: chrome on windows (3647c26623e64750f7a5cf80f0ff9607)] -> name: password]
2023-12-06 21:03:02,820  INFO [main] MyWebDriverDecorator:25 - Trying to find Element By : By.xpath: //input[@type='submit']
2023-12-06 21:03:02,840  INFO [main] MyWebDriverDecorator:31 - Found Element By : By.xpath: //input[@type='submit']
2023-12-06 21:03:02,841  INFO [main] MyWebDriverDecorator:37 - Trying to click on: [[ChromeDriver: chrome on windows (3647c26623e64750f7a5cf80f0ff9607)] -> xpath: //input[@type='submit']]
2023-12-06 21:03:08,017  INFO [main] MyWebDriverDecorator:43 - Clicked on: [[ChromeDriver: chrome on windows (3647c26623e64750f7a5cf80f0ff9607)] -> xpath: //input[@type='submit']]
2023-12-06 21:03:08,065  INFO [Forwarding actions on session 3647c26623e64750f7a5cf80f0ff9607 to remote] MyWebDriverDecorator:25 - Trying to find Element By : By.xpath: //a[contains(text(),'Contacts')]
2023-12-06 21:03:08,082  INFO [Forwarding actions on session 3647c26623e64750f7a5cf80f0ff9607 to remote] MyWebDriverDecorator:31 - Found Element By : By.xpath: //a[contains(text(),'Contacts')]
2023-12-06 21:03:08,257  INFO [main] MyWebDriverDecorator:25 - Trying to find Element By : By.xpath: //a[contains(text(),'New Contact')]
2023-12-06 21:03:08,276  INFO [main] MyWebDriverDecorator:31 - Found Element By : By.xpath: //a[contains(text(),'New Contact')]
2023-12-06 21:03:08,277  INFO [main] MyWebDriverDecorator:37 - Trying to click on: [[ChromeDriver: chrome on windows (3647c26623e64750f7a5cf80f0ff9607)] -> xpath: //a[contains(text(),'New Contact')]]
2023-12-06 21:03:09,489  INFO [main] MyWebDriverDecorator:43 - Clicked on: [[ChromeDriver: chrome on windows (3647c26623e64750f7a5cf80f0ff9607)] -> xpath: //a[contains(text(),'New Contact')]]
2023-12-06 21:03:09,490  INFO [main] MyWebDriverDecorator:25 - Trying to find Element By : By.name: title
2023-12-06 21:03:09,509  INFO [main] MyWebDriverDecorator:31 - Found Element By : By.name: title
2023-12-06 21:03:09,541  INFO [main] MyWebDriverDecorator:25 - Trying to find Element By : By.xpath: .//option[normalize-space(.) = "Dr."]
2023-12-06 21:03:09,559  INFO [main] MyWebDriverDecorator:31 - Found Element By : By.xpath: .//option[normalize-space(.) = "Dr."]
2023-12-06 21:03:09,584  INFO [main] MyWebDriverDecorator:37 - Trying to click on: [[[[ChromeDriver: chrome on windows (3647c26623e64750f7a5cf80f0ff9607)] -> name: title]] -> xpath: .//option[normalize-space(.) = "Dr."]]
2023-12-06 21:03:09,634  INFO [main] MyWebDriverDecorator:43 - Clicked on: [[[[ChromeDriver: chrome on windows (3647c26623e64750f7a5cf80f0ff9607)] -> name: title]] -> xpath: .//option[normalize-space(.) = "Dr."]]
2023-12-06 21:03:09,634  INFO [main] MyWebDriverDecorator:25 - Trying to find Element By : By.xpath: //input[@id='first_name']
2023-12-06 21:03:09,654  INFO [main] MyWebDriverDecorator:31 - Found Element By : By.xpath: //input[@id='first_name']
2023-12-06 21:03:09,655  INFO [main] MyWebDriverDecorator:48 - Value of the:[[ChromeDriver: chrome on windows (3647c26623e64750f7a5cf80f0ff9607)] -> xpath: //input[@id='first_name']] before any changes made
2023-12-06 21:03:09,759  INFO [main] MyWebDriverDecorator:54 - Element value changed to: [[ChromeDriver: chrome on windows (3647c26623e64750f7a5cf80f0ff9607)] -> xpath: //input[@id='first_name']]
2023-12-06 21:03:09,760  INFO [main] MyWebDriverDecorator:25 - Trying to find Element By : By.id: surname
2023-12-06 21:03:09,776  INFO [main] MyWebDriverDecorator:31 - Found Element By : By.id: surname
2023-12-06 21:03:09,777  INFO [main] MyWebDriverDecorator:48 - Value of the:[[ChromeDriver: chrome on windows (3647c26623e64750f7a5cf80f0ff9607)] -> id: surname] before any changes made
2023-12-06 21:03:09,878  INFO [main] MyWebDriverDecorator:54 - Element value changed to: [[ChromeDriver: chrome on windows (3647c26623e64750f7a5cf80f0ff9607)] -> id: surname]
2023-12-06 21:03:09,879  INFO [main] MyWebDriverDecorator:25 - Trying to find Element By : By.xpath: //input[@name='client_lookup']
2023-12-06 21:03:09,895  INFO [main] MyWebDriverDecorator:31 - Found Element By : By.xpath: //input[@name='client_lookup']
2023-12-06 21:03:09,896  INFO [main] MyWebDriverDecorator:48 - Value of the:[[ChromeDriver: chrome on windows (3647c26623e64750f7a5cf80f0ff9607)] -> xpath: //input[@name='client_lookup']] before any changes made
2023-12-06 21:03:10,000  INFO [main] MyWebDriverDecorator:54 - Element value changed to: [[ChromeDriver: chrome on windows (3647c26623e64750f7a5cf80f0ff9607)] -> xpath: //input[@name='client_lookup']]
2023-12-06 21:03:10,000  INFO [main] MyWebDriverDecorator:25 - Trying to find Element By : By.xpath: //input[@value='Save']
2023-12-06 21:03:10,019  INFO [main] MyWebDriverDecorator:31 - Found Element By : By.xpath: //input[@value='Save']
2023-12-06 21:03:10,020  INFO [main] MyWebDriverDecorator:37 - Trying to click on: [[ChromeDriver: chrome on windows (3647c26623e64750f7a5cf80f0ff9607)] -> xpath: //input[@value='Save']]
2023-12-06 21:03:11,542  INFO [main] MyWebDriverDecorator:43 - Clicked on: [[ChromeDriver: chrome on windows (3647c26623e64750f7a5cf80f0ff9607)] -> xpath: //input[@value='Save']]
2023-12-06 21:03:17,564  INFO [main] MyWebDriverDecorator:60 - Before navigating to: 'https://www.freecrm.com/'
2023-12-06 21:03:22,436  INFO [main] MyWebDriverDecorator:66 - Navigated to:'https://www.freecrm.com/'
2023-12-06 21:03:22,437  INFO [main] TestBase:60 - ************************* Openning URL **************************
2023-12-06 21:03:22,437  INFO [main] MyWebDriverDecorator:60 - Before navigating to: 'https://classic.freecrm.com/'
2023-12-06 21:03:25,435  INFO [main] MyWebDriverDecorator:66 - Navigated to:'https://classic.freecrm.com/'
2023-12-06 21:03:25,436  INFO [main] MyWebDriverDecorator:25 - Trying to find Element By : By.name: username
2023-12-06 21:03:25,490  INFO [main] MyWebDriverDecorator:31 - Found Element By : By.name: username
2023-12-06 21:03:25,491  INFO [main] MyWebDriverDecorator:48 - Value of the:[[ChromeDriver: chrome on windows (f7340d26af8edd9923df1e1a60d96403)] -> name: username] before any changes made
2023-12-06 21:03:25,633  INFO [main] MyWebDriverDecorator:54 - Element value changed to: [[ChromeDriver: chrome on windows (f7340d26af8edd9923df1e1a60d96403)] -> name: username]
2023-12-06 21:03:25,634  INFO [main] MyWebDriverDecorator:25 - Trying to find Element By : By.name: password
2023-12-06 21:03:25,657  INFO [main] MyWebDriverDecorator:31 - Found Element By : By.name: password
2023-12-06 21:03:25,657  INFO [main] MyWebDriverDecorator:48 - Value of the:[[ChromeDriver: chrome on windows (f7340d26af8edd9923df1e1a60d96403)] -> name: password] before any changes made
2023-12-06 21:03:25,732  INFO [main] MyWebDriverDecorator:54 - Element value changed to: [[ChromeDriver: chrome on windows (f7340d26af8edd9923df1e1a60d96403)] -> name: password]
2023-12-06 21:03:25,732  INFO [main] MyWebDriverDecorator:25 - Trying to find Element By : By.xpath: //input[@type='submit']
2023-12-06 21:03:25,753  INFO [main] MyWebDriverDecorator:31 - Found Element By : By.xpath: //input[@type='submit']
2023-12-06 21:03:25,754  INFO [main] MyWebDriverDecorator:37 - Trying to click on: [[ChromeDriver: chrome on windows (f7340d26af8edd9923df1e1a60d96403)] -> xpath: //input[@type='submit']]
2023-12-06 21:03:30,881  INFO [main] MyWebDriverDecorator:43 - Clicked on: [[ChromeDriver: chrome on windows (f7340d26af8edd9923df1e1a60d96403)] -> xpath: //input[@type='submit']]
2023-12-06 21:03:30,930  INFO [Forwarding actions on session f7340d26af8edd9923df1e1a60d96403 to remote] MyWebDriverDecorator:25 - Trying to find Element By : By.xpath: //a[contains(text(),'Contacts')]
2023-12-06 21:03:30,952  INFO [Forwarding actions on session f7340d26af8edd9923df1e1a60d96403 to remote] MyWebDriverDecorator:31 - Found Element By : By.xpath: //a[contains(text(),'Contacts')]
2023-12-06 21:03:31,114  INFO [main] MyWebDriverDecorator:25 - Trying to find Element By : By.xpath: //a[contains(text(),'New Contact')]
2023-12-06 21:03:31,131  INFO [main] MyWebDriverDecorator:31 - Found Element By : By.xpath: //a[contains(text(),'New Contact')]
2023-12-06 21:03:31,131  INFO [main] MyWebDriverDecorator:37 - Trying to click on: [[ChromeDriver: chrome on windows (f7340d26af8edd9923df1e1a60d96403)] -> xpath: //a[contains(text(),'New Contact')]]
2023-12-06 21:03:32,386  INFO [main] MyWebDriverDecorator:43 - Clicked on: [[ChromeDriver: chrome on windows (f7340d26af8edd9923df1e1a60d96403)] -> xpath: //a[contains(text(),'New Contact')]]
2023-12-06 21:03:32,387  INFO [main] MyWebDriverDecorator:25 - Trying to find Element By : By.name: title
2023-12-06 21:03:32,405  INFO [main] MyWebDriverDecorator:31 - Found Element By : By.name: title
2023-12-06 21:03:32,430  INFO [main] MyWebDriverDecorator:25 - Trying to find Element By : By.xpath: .//option[normalize-space(.) = "Mr."]
2023-12-06 21:03:32,448  INFO [main] MyWebDriverDecorator:31 - Found Element By : By.xpath: .//option[normalize-space(.) = "Mr."]
2023-12-06 21:03:32,471  INFO [main] MyWebDriverDecorator:37 - Trying to click on: [[[[ChromeDriver: chrome on windows (f7340d26af8edd9923df1e1a60d96403)] -> name: title]] -> xpath: .//option[normalize-space(.) = "Mr."]]
2023-12-06 21:03:32,517  INFO [main] MyWebDriverDecorator:43 - Clicked on: [[[[ChromeDriver: chrome on windows (f7340d26af8edd9923df1e1a60d96403)] -> name: title]] -> xpath: .//option[normalize-space(.) = "Mr."]]
2023-12-06 21:03:32,518  INFO [main] MyWebDriverDecorator:25 - Trying to find Element By : By.xpath: //input[@id='first_name']
2023-12-06 21:03:32,536  INFO [main] MyWebDriverDecorator:31 - Found Element By : By.xpath: //input[@id='first_name']
2023-12-06 21:03:32,537  INFO [main] MyWebDriverDecorator:48 - Value of the:[[ChromeDriver: chrome on windows (f7340d26af8edd9923df1e1a60d96403)] -> xpath: //input[@id='first_name']] before any changes made
2023-12-06 21:03:32,616  INFO [main] MyWebDriverDecorator:54 - Element value changed to: [[ChromeDriver: chrome on windows (f7340d26af8edd9923df1e1a60d96403)] -> xpath: //input[@id='first_name']]
2023-12-06 21:03:32,617  INFO [main] MyWebDriverDecorator:25 - Trying to find Element By : By.id: surname
2023-12-06 21:03:32,633  INFO [main] MyWebDriverDecorator:31 - Found Element By : By.id: surname
2023-12-06 21:03:32,634  INFO [main] MyWebDriverDecorator:48 - Value of the:[[ChromeDriver: chrome on windows (f7340d26af8edd9923df1e1a60d96403)] -> id: surname] before any changes made
2023-12-06 21:03:32,721  INFO [main] MyWebDriverDecorator:54 - Element value changed to: [[ChromeDriver: chrome on windows (f7340d26af8edd9923df1e1a60d96403)] -> id: surname]
2023-12-06 21:03:32,722  INFO [main] MyWebDriverDecorator:25 - Trying to find Element By : By.xpath: //input[@name='client_lookup']
2023-12-06 21:03:32,739  INFO [main] MyWebDriverDecorator:31 - Found Element By : By.xpath: //input[@name='client_lookup']
2023-12-06 21:03:32,739  INFO [main] MyWebDriverDecorator:48 - Value of the:[[ChromeDriver: chrome on windows (f7340d26af8edd9923df1e1a60d96403)] -> xpath: //input[@name='client_lookup']] before any changes made
2023-12-06 21:03:32,850  INFO [main] MyWebDriverDecorator:54 - Element value changed to: [[ChromeDriver: chrome on windows (f7340d26af8edd9923df1e1a60d96403)] -> xpath: //input[@name='client_lookup']]
2023-12-06 21:03:32,850  INFO [main] MyWebDriverDecorator:25 - Trying to find Element By : By.xpath: //input[@value='Save']
2023-12-06 21:03:32,871  INFO [main] MyWebDriverDecorator:31 - Found Element By : By.xpath: //input[@value='Save']
2023-12-06 21:03:32,871  INFO [main] MyWebDriverDecorator:37 - Trying to click on: [[ChromeDriver: chrome on windows (f7340d26af8edd9923df1e1a60d96403)] -> xpath: //input[@value='Save']]
2023-12-06 21:03:34,485  INFO [main] MyWebDriverDecorator:43 - Clicked on: [[ChromeDriver: chrome on windows (f7340d26af8edd9923df1e1a60d96403)] -> xpath: //input[@value='Save']]
2023-12-06 21:03:40,632  INFO [main] MyWebDriverDecorator:60 - Before navigating to: 'https://www.freecrm.com/'
2023-12-06 21:03:45,130  INFO [main] MyWebDriverDecorator:66 - Navigated to:'https://www.freecrm.com/'
2023-12-06 21:03:45,130  INFO [main] TestBase:60 - ************************* Openning URL **************************
2023-12-06 21:03:45,130  INFO [main] MyWebDriverDecorator:60 - Before navigating to: 'https://classic.freecrm.com/'
2023-12-06 21:03:48,013  INFO [main] MyWebDriverDecorator:66 - Navigated to:'https://classic.freecrm.com/'
2023-12-06 21:03:48,015  INFO [main] MyWebDriverDecorator:25 - Trying to find Element By : By.name: username
2023-12-06 21:03:48,068  INFO [main] MyWebDriverDecorator:31 - Found Element By : By.name: username
2023-12-06 21:03:48,068  INFO [main] MyWebDriverDecorator:48 - Value of the:[[ChromeDriver: chrome on windows (2937f98015d2b606384dac51bdbc055d)] -> name: username] before any changes made
2023-12-06 21:03:48,182  INFO [main] MyWebDriverDecorator:54 - Element value changed to: [[ChromeDriver: chrome on windows (2937f98015d2b606384dac51bdbc055d)] -> name: username]
2023-12-06 21:03:48,182  INFO [main] MyWebDriverDecorator:25 - Trying to find Element By : By.name: password
2023-12-06 21:03:48,208  INFO [main] MyWebDriverDecorator:31 - Found Element By : By.name: password
2023-12-06 21:03:48,208  INFO [main] MyWebDriverDecorator:48 - Value of the:[[ChromeDriver: chrome on windows (2937f98015d2b606384dac51bdbc055d)] -> name: password] before any changes made
2023-12-06 21:03:48,294  INFO [main] MyWebDriverDecorator:54 - Element value changed to: [[ChromeDriver: chrome on windows (2937f98015d2b606384dac51bdbc055d)] -> name: password]
2023-12-06 21:03:48,294  INFO [main] MyWebDriverDecorator:25 - Trying to find Element By : By.xpath: //input[@type='submit']
2023-12-06 21:03:48,316  INFO [main] MyWebDriverDecorator:31 - Found Element By : By.xpath: //input[@type='submit']
2023-12-06 21:03:48,317  INFO [main] MyWebDriverDecorator:37 - Trying to click on: [[ChromeDriver: chrome on windows (2937f98015d2b606384dac51bdbc055d)] -> xpath: //input[@type='submit']]
2023-12-06 21:03:53,295  INFO [main] MyWebDriverDecorator:43 - Clicked on: [[ChromeDriver: chrome on windows (2937f98015d2b606384dac51bdbc055d)] -> xpath: //input[@type='submit']]
2023-12-06 21:03:53,344  INFO [Forwarding actions on session 2937f98015d2b606384dac51bdbc055d to remote] MyWebDriverDecorator:25 - Trying to find Element By : By.xpath: //a[contains(text(),'Contacts')]
2023-12-06 21:03:53,362  INFO [Forwarding actions on session 2937f98015d2b606384dac51bdbc055d to remote] MyWebDriverDecorator:31 - Found Element By : By.xpath: //a[contains(text(),'Contacts')]
2023-12-06 21:03:53,534  INFO [main] MyWebDriverDecorator:25 - Trying to find Element By : By.xpath: //a[contains(text(),'New Contact')]
2023-12-06 21:03:53,551  INFO [main] MyWebDriverDecorator:31 - Found Element By : By.xpath: //a[contains(text(),'New Contact')]
2023-12-06 21:03:53,552  INFO [main] MyWebDriverDecorator:37 - Trying to click on: [[ChromeDriver: chrome on windows (2937f98015d2b606384dac51bdbc055d)] -> xpath: //a[contains(text(),'New Contact')]]
2023-12-06 21:03:54,719  INFO [main] MyWebDriverDecorator:43 - Clicked on: [[ChromeDriver: chrome on windows (2937f98015d2b606384dac51bdbc055d)] -> xpath: //a[contains(text(),'New Contact')]]
2023-12-06 21:03:54,720  INFO [main] MyWebDriverDecorator:25 - Trying to find Element By : By.name: title
2023-12-06 21:03:54,740  INFO [main] MyWebDriverDecorator:31 - Found Element By : By.name: title
2023-12-06 21:03:54,765  INFO [main] MyWebDriverDecorator:25 - Trying to find Element By : By.xpath: .//option[normalize-space(.) = "Mr."]
2023-12-06 21:03:54,783  INFO [main] MyWebDriverDecorator:31 - Found Element By : By.xpath: .//option[normalize-space(.) = "Mr."]
2023-12-06 21:03:54,807  INFO [main] MyWebDriverDecorator:37 - Trying to click on: [[[[ChromeDriver: chrome on windows (2937f98015d2b606384dac51bdbc055d)] -> name: title]] -> xpath: .//option[normalize-space(.) = "Mr."]]
2023-12-06 21:03:54,854  INFO [main] MyWebDriverDecorator:43 - Clicked on: [[[[ChromeDriver: chrome on windows (2937f98015d2b606384dac51bdbc055d)] -> name: title]] -> xpath: .//option[normalize-space(.) = "Mr."]]
2023-12-06 21:03:54,855  INFO [main] MyWebDriverDecorator:25 - Trying to find Element By : By.xpath: //input[@id='first_name']
2023-12-06 21:03:54,874  INFO [main] MyWebDriverDecorator:31 - Found Element By : By.xpath: //input[@id='first_name']
2023-12-06 21:03:54,875  INFO [main] MyWebDriverDecorator:48 - Value of the:[[ChromeDriver: chrome on windows (2937f98015d2b606384dac51bdbc055d)] -> xpath: //input[@id='first_name']] before any changes made
2023-12-06 21:03:54,968  INFO [main] MyWebDriverDecorator:54 - Element value changed to: [[ChromeDriver: chrome on windows (2937f98015d2b606384dac51bdbc055d)] -> xpath: //input[@id='first_name']]
2023-12-06 21:03:54,969  INFO [main] MyWebDriverDecorator:25 - Trying to find Element By : By.id: surname
2023-12-06 21:03:54,986  INFO [main] MyWebDriverDecorator:31 - Found Element By : By.id: surname
2023-12-06 21:03:54,986  INFO [main] MyWebDriverDecorator:48 - Value of the:[[ChromeDriver: chrome on windows (2937f98015d2b606384dac51bdbc055d)] -> id: surname] before any changes made
2023-12-06 21:03:55,076  INFO [main] MyWebDriverDecorator:54 - Element value changed to: [[ChromeDriver: chrome on windows (2937f98015d2b606384dac51bdbc055d)] -> id: surname]
2023-12-06 21:03:55,077  INFO [main] MyWebDriverDecorator:25 - Trying to find Element By : By.xpath: //input[@name='client_lookup']
2023-12-06 21:03:55,097  INFO [main] MyWebDriverDecorator:31 - Found Element By : By.xpath: //input[@name='client_lookup']
2023-12-06 21:03:55,097  INFO [main] MyWebDriverDecorator:48 - Value of the:[[ChromeDriver: chrome on windows (2937f98015d2b606384dac51bdbc055d)] -> xpath: //input[@name='client_lookup']] before any changes made
2023-12-06 21:03:55,180  INFO [main] MyWebDriverDecorator:54 - Element value changed to: [[ChromeDriver: chrome on windows (2937f98015d2b606384dac51bdbc055d)] -> xpath: //input[@name='client_lookup']]
2023-12-06 21:03:55,180  INFO [main] MyWebDriverDecorator:25 - Trying to find Element By : By.xpath: //input[@value='Save']
2023-12-06 21:03:55,197  INFO [main] MyWebDriverDecorator:31 - Found Element By : By.xpath: //input[@value='Save']
2023-12-06 21:03:55,197  INFO [main] MyWebDriverDecorator:37 - Trying to click on: [[ChromeDriver: chrome on windows (2937f98015d2b606384dac51bdbc055d)] -> xpath: //input[@value='Save']]
2023-12-06 21:03:56,762  INFO [main] MyWebDriverDecorator:43 - Clicked on: [[ChromeDriver: chrome on windows (2937f98015d2b606384dac51bdbc055d)] -> xpath: //input[@value='Save']]
